<?xml version="1.0" encoding="utf-8"?><testsuites name="pytest tests"><testsuite name="pytest" errors="0" failures="0" skipped="0" tests="9" time="6.761" timestamp="2025-08-09T22:02:51.604672+02:00" hostname="fedora"><testcase classname="test_pytest_cerberus.TestControlPlaneEndpoints" name="test_health_endpoint" time="3.009" /><testcase classname="test_pytest_cerberus.TestControlPlaneEndpoints" name="test_stats_endpoint" time="0.003" /><testcase classname="test_pytest_cerberus.TestControlPlaneEndpoints" name="test_rules_endpoint" time="0.003" /><testcase classname="test_pytest_cerberus.TestMetricsEndpoint" name="test_prometheus_metrics" time="0.004" /><testcase classname="test_pytest_cerberus.TestPacketProcessing" name="test_icmp_packet_processing" time="0.303" /><testcase classname="test_pytest_cerberus.TestPacketProcessing" name="test_tcp_syn_processing" time="0.254" /><testcase classname="test_pytest_cerberus.TestPacketProcessing" name="test_udp_packet_processing" time="0.303" /><testcase classname="test_pytest_cerberus.TestPerformance" name="test_packet_throughput" time="0.007" /><testcase classname="test_pytest_cerberus.TestEndToEndIntegration" name="test_full_pipeline" time="1.639" /></testsuite></testsuites>